INFO  09:28:29 Application started. Press Ctrl+C to shut down.
INFO  09:28:29 Application started. Press Ctrl+C to shut down.
INFO  09:28:29 Hosting environment: Development
INFO  09:28:29 Hosting environment: Development
INFO  09:28:29 Content root path: C:\Users\Anuj-PC\source\repos\Food Ordering System\CategoryApi
INFO  09:28:29 Content root path: C:\Users\Anuj-PC\source\repos\Food Ordering System\CategoryApi
INFO  09:28:30 Get initiated
INFO  09:29:20 Get initiated
INFO  09:29:41 Get initiated
INFO  09:37:51 Application started. Press Ctrl+C to shut down.
INFO  09:37:51 Application started. Press Ctrl+C to shut down.
INFO  09:37:51 Hosting environment: Development
INFO  09:37:51 Hosting environment: Development
INFO  09:37:51 Content root path: C:\Users\Anuj-PC\source\repos\Food Ordering System\CategoryApi
INFO  09:37:51 Content root path: C:\Users\Anuj-PC\source\repos\Food Ordering System\CategoryApi
INFO  09:37:51 Get initiated
INFO  09:38:19 Get initiated
INFO  10:35:46 Application started. Press Ctrl+C to shut down.
INFO  10:35:46 Application started. Press Ctrl+C to shut down.
INFO  10:35:46 Hosting environment: Development
INFO  10:35:46 Hosting environment: Development
INFO  10:35:46 Content root path: C:\Users\Anuj-PC\source\repos\Food Ordering System\CategoryApi
INFO  10:35:46 Content root path: C:\Users\Anuj-PC\source\repos\Food Ordering System\CategoryApi
INFO  10:35:47 Get initiated
INFO  10:36:27 Get initiated
INFO  10:36:44 Get initiated
INFO  12:25:04 Application started. Press Ctrl+C to shut down.
INFO  12:25:04 Application started. Press Ctrl+C to shut down.
INFO  12:25:04 Hosting environment: Development
INFO  12:25:04 Hosting environment: Development
INFO  12:25:04 Content root path: C:\Users\Anuj-PC\source\repos\Food Ordering System\CategoryApi
INFO  12:25:04 Content root path: C:\Users\Anuj-PC\source\repos\Food Ordering System\CategoryApi
INFO  12:25:06 Get initiated
INFO  12:25:33 Get initiated
INFO  03:28:32 Application started. Press Ctrl+C to shut down.
INFO  03:28:32 Application started. Press Ctrl+C to shut down.
INFO  03:28:32 Hosting environment: Development
INFO  03:28:32 Hosting environment: Development
INFO  03:28:32 Content root path: C:\Users\Anuj-PC\source\repos\Food Ordering System\CategoryApi
INFO  03:28:32 Content root path: C:\Users\Anuj-PC\source\repos\Food Ordering System\CategoryApi
INFO  03:28:33 Get initiated
INFO  03:30:47 Application started. Press Ctrl+C to shut down.
INFO  03:30:48 Application started. Press Ctrl+C to shut down.
INFO  03:30:48 Hosting environment: Development
INFO  03:30:48 Hosting environment: Development
INFO  03:30:48 Content root path: C:\Users\Anuj-PC\source\repos\Food Ordering System\CategoryApi
INFO  03:30:48 Content root path: C:\Users\Anuj-PC\source\repos\Food Ordering System\CategoryApi
INFO  03:30:49 Get initiated
INFO  03:31:21 Get initiated
INFO  03:31:56 Post initiated
INFO  03:31:57 Get initiated
INFO  03:39:01 Application started. Press Ctrl+C to shut down.
INFO  03:39:01 Application started. Press Ctrl+C to shut down.
INFO  03:39:01 Hosting environment: Development
INFO  03:39:01 Hosting environment: Development
INFO  03:39:01 Content root path: C:\Users\Anuj-PC\source\repos\Food Ordering System\CategoryApi
INFO  03:39:01 Content root path: C:\Users\Anuj-PC\source\repos\Food Ordering System\CategoryApi
INFO  03:39:02 Get initiated
INFO  04:13:22 Application started. Press Ctrl+C to shut down.
INFO  04:13:22 Application started. Press Ctrl+C to shut down.
INFO  04:13:22 Hosting environment: Development
INFO  04:13:22 Hosting environment: Development
INFO  04:13:22 Content root path: C:\Users\Anuj-PC\source\repos\Food Ordering System\CategoryApi
INFO  04:13:22 Content root path: C:\Users\Anuj-PC\source\repos\Food Ordering System\CategoryApi
INFO  04:13:23 Get initiated
INFO  04:14:26 Get initiated
INFO  04:15:09 Get initiated
INFO  04:15:36 Application started. Press Ctrl+C to shut down.
INFO  04:15:36 Application started. Press Ctrl+C to shut down.
INFO  04:15:36 Hosting environment: Development
INFO  04:15:36 Hosting environment: Development
INFO  04:15:36 Content root path: C:\Users\Anuj-PC\source\repos\Food Ordering System\CategoryApi
INFO  04:15:36 Content root path: C:\Users\Anuj-PC\source\repos\Food Ordering System\CategoryApi
INFO  04:15:37 Get initiated
INFO  04:25:17 Application started. Press Ctrl+C to shut down.
INFO  04:25:17 Application started. Press Ctrl+C to shut down.
INFO  04:25:17 Hosting environment: Development
INFO  04:25:17 Hosting environment: Development
INFO  04:25:17 Content root path: C:\Users\Anuj-PC\source\repos\Food Ordering System\CategoryApi
INFO  04:25:17 Content root path: C:\Users\Anuj-PC\source\repos\Food Ordering System\CategoryApi
INFO  04:25:18 Get initiated
INFO  04:25:58 Get initiated
INFO  04:26:06 Get initiated
INFO  04:26:08 Get initiated
INFO  04:26:10 Get initiated
