INFO  09:28:30 Application started. Press Ctrl+C to shut down.
INFO  09:28:30 Application started. Press Ctrl+C to shut down.
INFO  09:28:30 Hosting environment: Development
INFO  09:28:30 Hosting environment: Development
INFO  09:28:30 Content root path: C:\Users\Anuj-PC\source\repos\Food Ordering System\Food Ordering System
INFO  09:28:30 Content root path: C:\Users\Anuj-PC\source\repos\Food Ordering System\Food Ordering System
INFO  09:28:31 Welcome Screen
INFO  09:28:54 MenuItemsApi  Called
INFO  09:28:58 User Login Form
INFO  09:29:07 Request For Token Generation
INFO  09:29:13 User Login Form
INFO  09:29:19 Request For Token Generation
INFO  09:29:20 CategoryApi  Called
INFO  09:29:41 CategoryApi  Called
INFO  10:35:47 Application started. Press Ctrl+C to shut down.
INFO  10:35:47 Application started. Press Ctrl+C to shut down.
INFO  10:35:47 Hosting environment: Development
INFO  10:35:47 Hosting environment: Development
INFO  10:35:47 Content root path: C:\Users\Anuj-PC\source\repos\Food Ordering System\Food Ordering System
INFO  10:35:47 Content root path: C:\Users\Anuj-PC\source\repos\Food Ordering System\Food Ordering System
INFO  10:35:48 Welcome Screen
INFO  10:36:10 MenuItemsApi  Called
INFO  10:36:12 User Login Form
INFO  10:36:17 Request For Token Generation
INFO  10:36:22 User Login Form
INFO  10:36:27 Request For Token Generation
INFO  10:36:27 CategoryApi  Called
INFO  10:36:34 User Login Form
INFO  10:36:44 CategoryApi  Called
INFO  12:25:07 Application started. Press Ctrl+C to shut down.
INFO  12:25:07 Application started. Press Ctrl+C to shut down.
INFO  12:25:07 Hosting environment: Development
INFO  12:25:07 Hosting environment: Development
INFO  12:25:07 Content root path: C:\Users\Anuj-PC\source\repos\Food Ordering System\Food Ordering System
INFO  12:25:07 Content root path: C:\Users\Anuj-PC\source\repos\Food Ordering System\Food Ordering System
INFO  12:25:08 Welcome Screen
INFO  12:25:17 MenuItemsApi  Called
INFO  12:25:19 User Login Form
INFO  12:25:24 Request For Token Generation
INFO  12:25:29 User Login Form
INFO  12:25:33 Request For Token Generation
INFO  12:25:33 CategoryApi  Called
INFO  03:28:34 Application started. Press Ctrl+C to shut down.
INFO  03:28:35 Application started. Press Ctrl+C to shut down.
INFO  03:28:35 Hosting environment: Development
INFO  03:28:35 Hosting environment: Development
INFO  03:28:35 Content root path: C:\Users\Anuj-PC\source\repos\Food Ordering System\Food Ordering System
INFO  03:28:35 Content root path: C:\Users\Anuj-PC\source\repos\Food Ordering System\Food Ordering System
INFO  03:28:35 Welcome Screen
INFO  03:28:46 MenuItemsApi  Called
INFO  03:30:50 Application started. Press Ctrl+C to shut down.
INFO  03:30:50 Application started. Press Ctrl+C to shut down.
INFO  03:30:50 Hosting environment: Development
INFO  03:30:50 Hosting environment: Development
INFO  03:30:50 Content root path: C:\Users\Anuj-PC\source\repos\Food Ordering System\Food Ordering System
INFO  03:30:50 Content root path: C:\Users\Anuj-PC\source\repos\Food Ordering System\Food Ordering System
INFO  03:30:50 Welcome Screen
INFO  03:31:00 MenuItemsApi  Called
INFO  03:31:04 User Login Form
INFO  03:31:11 Request For Token Generation
INFO  03:31:16 User Login Form
INFO  03:31:21 Request For Token Generation
INFO  03:31:21 CategoryApi  Called
INFO  03:31:56 Post request to Category Api
INFO  03:31:57 CategoryApi  Called
INFO  03:39:03 Application started. Press Ctrl+C to shut down.
INFO  03:39:03 Application started. Press Ctrl+C to shut down.
INFO  03:39:03 Hosting environment: Development
INFO  03:39:03 Hosting environment: Development
INFO  03:39:03 Content root path: C:\Users\Anuj-PC\source\repos\Food Ordering System\Food Ordering System
INFO  03:39:03 Content root path: C:\Users\Anuj-PC\source\repos\Food Ordering System\Food Ordering System
INFO  03:39:04 Welcome Screen
INFO  03:39:13 MenuItemsApi  Called
INFO  03:39:15 User Login Form
INFO  04:13:25 Application started. Press Ctrl+C to shut down.
INFO  04:13:25 Application started. Press Ctrl+C to shut down.
INFO  04:13:25 Hosting environment: Development
INFO  04:13:25 Hosting environment: Development
INFO  04:13:25 Content root path: C:\Users\Anuj-PC\source\repos\Food Ordering System\Food Ordering System
INFO  04:13:25 Content root path: C:\Users\Anuj-PC\source\repos\Food Ordering System\Food Ordering System
INFO  04:13:25 Welcome Screen
INFO  04:13:50 MenuItemsApi  Called
INFO  04:13:55 User Login Form
INFO  04:14:04 Request For Token Generation
INFO  04:14:10 User Login Form
INFO  04:14:26 Request For Token Generation
INFO  04:14:26 CategoryApi  Called
INFO  04:15:09 CategoryApi  Called
INFO  04:15:38 Application started. Press Ctrl+C to shut down.
INFO  04:15:38 Application started. Press Ctrl+C to shut down.
INFO  04:15:38 Hosting environment: Development
INFO  04:15:38 Hosting environment: Development
INFO  04:15:38 Content root path: C:\Users\Anuj-PC\source\repos\Food Ordering System\Food Ordering System
INFO  04:15:38 Content root path: C:\Users\Anuj-PC\source\repos\Food Ordering System\Food Ordering System
INFO  04:15:39 Welcome Screen
INFO  04:15:47 MenuItemsApi  Called
INFO  04:16:04 User Login Form
INFO  04:16:12 User Login Form
INFO  04:25:20 Application started. Press Ctrl+C to shut down.
INFO  04:25:20 Application started. Press Ctrl+C to shut down.
INFO  04:25:20 Hosting environment: Development
INFO  04:25:20 Hosting environment: Development
INFO  04:25:20 Content root path: C:\Users\Anuj-PC\source\repos\Food Ordering System\Food Ordering System
INFO  04:25:20 Content root path: C:\Users\Anuj-PC\source\repos\Food Ordering System\Food Ordering System
INFO  04:25:20 Welcome Screen
INFO  04:25:39 MenuItemsApi  Called
INFO  04:25:42 User Login Form
INFO  04:25:47 Request For Token Generation
INFO  04:25:52 User Login Form
INFO  04:25:57 Request For Token Generation
INFO  04:25:58 CategoryApi  Called
INFO  04:26:06 CategoryApi  Called
INFO  04:26:08 CategoryApi  Called
INFO  04:26:09 MenuItemsApi  Called
INFO  04:26:10 CategoryApi  Called
INFO  04:26:12 MenuItemsApi  Called
INFO  04:26:13 MenuItemsApi  Called
